{"D:\\New folder\\Frontend\\NamasteReact\\createFoodDeliveryApp\\src\\components\\Contact.js": {"path":"D:\\New folder\\Frontend\\NamasteReact\\createFoodDeliveryApp\\src\\components\\Contact.js","statementMap":{"0":{"start":{"line":3,"column":16},"end":{"line":21,"column":1}},"1":{"start":{"line":4,"column":4},"end":{"line":20,"column":6}}},"fnMap":{"0":{"name":"(anonymous_0)","decl":{"start":{"line":3,"column":16},"end":{"line":3,"column":17}},"loc":{"start":{"line":3,"column":22},"end":{"line":21,"column":1}},"line":3}},"branchMap":{},"s":{"0":1,"1":3},"f":{"0":3},"b":{},"_coverageSchema":"1a1c01bbd47fc00a2c39e90264f33305004495a9","hash":"c2e48cda54b63592d30fa1e5d4b49dc04ad93672"}
,"D:\\New folder\\Frontend\\NamasteReact\\createFoodDeliveryApp\\src\\components\\Header.js": {"path":"D:\\New folder\\Frontend\\NamasteReact\\createFoodDeliveryApp\\src\\components\\Header.js","statementMap":{"0":{"start":{"line":8,"column":15},"end":{"line":46,"column":3}},"1":{"start":{"line":9,"column":27},"end":{"line":9,"column":50}},"2":{"start":{"line":10,"column":25},"end":{"line":10,"column":42}},"3":{"start":{"line":11,"column":42},"end":{"line":11,"column":59}},"4":{"start":{"line":15,"column":22},"end":{"line":15,"column":62}},"5":{"start":{"line":15,"column":45},"end":{"line":15,"column":61}},"6":{"start":{"line":17,"column":4},"end":{"line":45,"column":6}},"7":{"start":{"line":36,"column":14},"end":{"line":36,"column":96}}},"fnMap":{"0":{"name":"(anonymous_0)","decl":{"start":{"line":8,"column":15},"end":{"line":8,"column":16}},"loc":{"start":{"line":8,"column":21},"end":{"line":46,"column":3}},"line":8},"1":{"name":"(anonymous_1)","decl":{"start":{"line":15,"column":34},"end":{"line":15,"column":35}},"loc":{"start":{"line":15,"column":45},"end":{"line":15,"column":61}},"line":15},"2":{"name":"(anonymous_2)","decl":{"start":{"line":35,"column":29},"end":{"line":35,"column":30}},"loc":{"start":{"line":35,"column":33},"end":{"line":37,"column":13}},"line":35}},"branchMap":{"0":{"loc":{"start":{"line":28,"column":33},"end":{"line":28,"column":59}},"type":"cond-expr","locations":[{"start":{"line":28,"column":48},"end":{"line":28,"column":52}},{"start":{"line":28,"column":55},"end":{"line":28,"column":59}}],"line":28},"1":{"loc":{"start":{"line":36,"column":14},"end":{"line":36,"column":95}},"type":"cond-expr","locations":[{"start":{"line":36,"column":43},"end":{"line":36,"column":68}},{"start":{"line":36,"column":71},"end":{"line":36,"column":95}}],"line":36}},"s":{"0":1,"1":4,"2":4,"3":4,"4":4,"5":7,"6":4,"7":1},"f":{"0":4,"1":7,"2":1},"b":{"0":[4,0],"1":[1,0]},"_coverageSchema":"1a1c01bbd47fc00a2c39e90264f33305004495a9","hash":"5d7eb6148208086239de221cb9fb68eb300ba1f7"}
,"D:\\New folder\\Frontend\\NamasteReact\\createFoodDeliveryApp\\src\\components\\RestaurantCard.js": {"path":"D:\\New folder\\Frontend\\NamasteReact\\createFoodDeliveryApp\\src\\components\\RestaurantCard.js","statementMap":{"0":{"start":{"line":4,"column":23},"end":{"line":25,"column":3}},"1":{"start":{"line":6,"column":4},"end":{"line":6,"column":27}},"2":{"start":{"line":7,"column":65},"end":{"line":7,"column":76}},"3":{"start":{"line":9,"column":24},"end":{"line":9,"column":40}},"4":{"start":{"line":10,"column":32},"end":{"line":10,"column":122}},"5":{"start":{"line":11,"column":4},"end":{"line":11,"column":44}},"6":{"start":{"line":11,"column":30},"end":{"line":11,"column":44}},"7":{"start":{"line":12,"column":4},"end":{"line":12,"column":48}},"8":{"start":{"line":12,"column":33},"end":{"line":12,"column":48}},"9":{"start":{"line":13,"column":4},"end":{"line":24,"column":6}},"10":{"start":{"line":29,"column":31},"end":{"line":41,"column":3}},"11":{"start":{"line":30,"column":4},"end":{"line":40,"column":5}},"12":{"start":{"line":31,"column":8},"end":{"line":38,"column":9}}},"fnMap":{"0":{"name":"(anonymous_0)","decl":{"start":{"line":4,"column":23},"end":{"line":4,"column":24}},"loc":{"start":{"line":4,"column":34},"end":{"line":25,"column":3}},"line":4},"1":{"name":"(anonymous_1)","decl":{"start":{"line":29,"column":31},"end":{"line":29,"column":32}},"loc":{"start":{"line":29,"column":49},"end":{"line":41,"column":3}},"line":29},"2":{"name":"(anonymous_2)","decl":{"start":{"line":30,"column":11},"end":{"line":30,"column":12}},"loc":{"start":{"line":30,"column":20},"end":{"line":40,"column":5}},"line":30}},"branchMap":{"0":{"loc":{"start":{"line":10,"column":32},"end":{"line":10,"column":122}},"type":"binary-expr","locations":[{"start":{"line":10,"column":32},"end":{"line":10,"column":75}},{"start":{"line":10,"column":79},"end":{"line":10,"column":122}}],"line":10},"1":{"loc":{"start":{"line":11,"column":4},"end":{"line":11,"column":44}},"type":"if","locations":[{"start":{"line":11,"column":4},"end":{"line":11,"column":44}},{"start":{},"end":{}}],"line":11},"2":{"loc":{"start":{"line":12,"column":4},"end":{"line":12,"column":48}},"type":"if","locations":[{"start":{"line":12,"column":4},"end":{"line":12,"column":48}},{"start":{},"end":{}}],"line":12}},"s":{"0":1,"1":1,"2":1,"3":1,"4":1,"5":1,"6":1,"7":1,"8":1,"9":1,"10":1,"11":0,"12":0},"f":{"0":1,"1":0,"2":0},"b":{"0":[1,1],"1":[1,0],"2":[1,0]},"_coverageSchema":"1a1c01bbd47fc00a2c39e90264f33305004495a9","hash":"5ff72f09131e4e34f56520c0ccc7bc1280864eb4"}
,"D:\\New folder\\Frontend\\NamasteReact\\createFoodDeliveryApp\\src\\components\\sum.js": {"path":"D:\\New folder\\Frontend\\NamasteReact\\createFoodDeliveryApp\\src\\components\\sum.js","statementMap":{"0":{"start":{"line":1,"column":19},"end":{"line":3,"column":1}},"1":{"start":{"line":2,"column":4},"end":{"line":2,"column":17}}},"fnMap":{"0":{"name":"(anonymous_0)","decl":{"start":{"line":1,"column":19},"end":{"line":1,"column":20}},"loc":{"start":{"line":1,"column":26},"end":{"line":3,"column":1}},"line":1}},"branchMap":{},"s":{"0":1,"1":1},"f":{"0":1},"b":{},"_coverageSchema":"1a1c01bbd47fc00a2c39e90264f33305004495a9","hash":"20592529c695932a10d1c244a15dc56132e6a0b9"}
,"D:\\New folder\\Frontend\\NamasteReact\\createFoodDeliveryApp\\src\\utils\\UserContext.js": {"path":"D:\\New folder\\Frontend\\NamasteReact\\createFoodDeliveryApp\\src\\utils\\UserContext.js","statementMap":{"0":{"start":{"line":3,"column":20},"end":{"line":5,"column":2}}},"fnMap":{},"branchMap":{},"s":{"0":1},"f":{},"b":{},"_coverageSchema":"1a1c01bbd47fc00a2c39e90264f33305004495a9","hash":"0e3b5767884e8840d0684f085bb52977fec33c88"}
,"D:\\New folder\\Frontend\\NamasteReact\\createFoodDeliveryApp\\src\\utils\\appStore.js": {"path":"D:\\New folder\\Frontend\\NamasteReact\\createFoodDeliveryApp\\src\\utils\\appStore.js","statementMap":{"0":{"start":{"line":4,"column":17},"end":{"line":8,"column":2}}},"fnMap":{},"branchMap":{},"s":{"0":1},"f":{},"b":{},"_coverageSchema":"1a1c01bbd47fc00a2c39e90264f33305004495a9","hash":"18454e9895aca93dcbd02c3ef67e0e7650000a3c"}
,"D:\\New folder\\Frontend\\NamasteReact\\createFoodDeliveryApp\\src\\utils\\cartSlice.js": {"path":"D:\\New folder\\Frontend\\NamasteReact\\createFoodDeliveryApp\\src\\utils\\cartSlice.js","statementMap":{"0":{"start":{"line":3,"column":18},"end":{"line":29,"column":2}},"1":{"start":{"line":19,"column":12},"end":{"line":19,"column":45}},"2":{"start":{"line":22,"column":12},"end":{"line":22,"column":30}},"3":{"start":{"line":25,"column":12},"end":{"line":25,"column":35}},"4":{"start":{"line":30,"column":48},"end":{"line":30,"column":65}}},"fnMap":{"0":{"name":"(anonymous_0)","decl":{"start":{"line":18,"column":18},"end":{"line":18,"column":19}},"loc":{"start":{"line":18,"column":37},"end":{"line":20,"column":9}},"line":18},"1":{"name":"(anonymous_1)","decl":{"start":{"line":21,"column":21},"end":{"line":21,"column":22}},"loc":{"start":{"line":21,"column":38},"end":{"line":23,"column":9}},"line":21},"2":{"name":"(anonymous_2)","decl":{"start":{"line":24,"column":20},"end":{"line":24,"column":21}},"loc":{"start":{"line":24,"column":40},"end":{"line":27,"column":9}},"line":24}},"branchMap":{},"s":{"0":1,"1":0,"2":0,"3":0,"4":1},"f":{"0":0,"1":0,"2":0},"b":{},"_coverageSchema":"1a1c01bbd47fc00a2c39e90264f33305004495a9","hash":"a7b54002c6c0b8c16cf1d39edf8768784380b39a"}
,"D:\\New folder\\Frontend\\NamasteReact\\createFoodDeliveryApp\\src\\utils\\constants.js": {"path":"D:\\New folder\\Frontend\\NamasteReact\\createFoodDeliveryApp\\src\\utils\\constants.js","statementMap":{"0":{"start":{"line":1,"column":24},"end":{"line":1,"column":91}},"1":{"start":{"line":3,"column":23},"end":{"line":3,"column":106}},"2":{"start":{"line":5,"column":24},"end":{"line":5,"column":147}}},"fnMap":{},"branchMap":{},"s":{"0":2,"1":2,"2":2},"f":{},"b":{},"_coverageSchema":"1a1c01bbd47fc00a2c39e90264f33305004495a9","hash":"4cb1d82cd2cef1c67b0ba009788feaec15b5d1dd"}
,"D:\\New folder\\Frontend\\NamasteReact\\createFoodDeliveryApp\\src\\utils\\useOnlineStatus.js": {"path":"D:\\New folder\\Frontend\\NamasteReact\\createFoodDeliveryApp\\src\\utils\\useOnlineStatus.js","statementMap":{"0":{"start":{"line":3,"column":24},"end":{"line":15,"column":1}},"1":{"start":{"line":4,"column":44},"end":{"line":4,"column":58}},"2":{"start":{"line":6,"column":4},"end":{"line":13,"column":10}},"3":{"start":{"line":7,"column":8},"end":{"line":9,"column":10}},"4":{"start":{"line":8,"column":12},"end":{"line":8,"column":35}},"5":{"start":{"line":10,"column":8},"end":{"line":12,"column":10}},"6":{"start":{"line":11,"column":12},"end":{"line":11,"column":34}},"7":{"start":{"line":14,"column":4},"end":{"line":14,"column":24}}},"fnMap":{"0":{"name":"(anonymous_0)","decl":{"start":{"line":3,"column":24},"end":{"line":3,"column":25}},"loc":{"start":{"line":3,"column":29},"end":{"line":15,"column":1}},"line":3},"1":{"name":"(anonymous_1)","decl":{"start":{"line":6,"column":14},"end":{"line":6,"column":15}},"loc":{"start":{"line":6,"column":18},"end":{"line":13,"column":5}},"line":6},"2":{"name":"(anonymous_2)","decl":{"start":{"line":7,"column":42},"end":{"line":7,"column":43}},"loc":{"start":{"line":7,"column":46},"end":{"line":9,"column":9}},"line":7},"3":{"name":"(anonymous_3)","decl":{"start":{"line":10,"column":41},"end":{"line":10,"column":42}},"loc":{"start":{"line":10,"column":45},"end":{"line":12,"column":9}},"line":10}},"branchMap":{},"s":{"0":1,"1":4,"2":4,"3":3,"4":0,"5":3,"6":0,"7":4},"f":{"0":4,"1":3,"2":0,"3":0},"b":{},"_coverageSchema":"1a1c01bbd47fc00a2c39e90264f33305004495a9","hash":"46d7274e78592dfc45e66924900ebd4b68cf2cfa"}
}
