TN:
SF:src\components\Body.js
FN:8,(anonymous_0)
FN:16,(anonymous_1)
FN:19,(anonymous_2)
FN:50,(anonymous_3)
FN:56,(anonymous_4)
FN:57,(anonymous_5)
FN:71,(anonymous_6)
FN:72,(anonymous_7)
FN:83,(anonymous_8)
FN:89,(anonymous_9)
FNF:10
FNH:7
FNDA:4,(anonymous_0)
FNDA:1,(anonymous_1)
FNDA:1,(anonymous_2)
FNDA:1,(anonymous_3)
FNDA:1,(anonymous_4)
FNDA:20,(anonymous_5)
FNDA:0,(anonymous_6)
FNDA:0,(anonymous_7)
FNDA:0,(anonymous_8)
FNDA:42,(anonymous_9)
DA:8,1
DA:9,4
DA:10,4
DA:11,4
DA:13,4
DA:14,4
DA:16,4
DA:17,1
DA:19,4
DA:21,1
DA:22,1
DA:23,1
DA:27,1
DA:30,1
DA:34,4
DA:35,4
DA:40,4
DA:51,1
DA:57,1
DA:58,20
DA:61,2
DA:63,1
DA:72,0
DA:73,0
DA:75,0
DA:83,0
DA:90,42
LF:27
LH:23
BRDA:35,0,0,0
BRDA:35,0,1,4
BRDA:40,1,0,1
BRDA:40,1,1,3
BRDA:58,2,0,2
BRDA:58,2,1,18
BRDA:73,3,0,0
BRDA:73,3,1,0
BRDA:91,4,0,20
BRDA:91,4,1,22
BRF:10
BRH:7
end_of_record
TN:
SF:src\components\Contact.js
FN:3,(anonymous_0)
FNF:1
FNH:1
FNDA:3,(anonymous_0)
DA:3,1
DA:4,3
LF:2
LH:2
BRF:0
BRH:0
end_of_record
TN:
SF:src\components\Header.js
FN:8,(anonymous_0)
FN:15,(anonymous_1)
FN:35,(anonymous_2)
FNF:3
FNH:3
FNDA:4,(anonymous_0)
FNDA:7,(anonymous_1)
FNDA:1,(anonymous_2)
DA:8,1
DA:9,4
DA:10,4
DA:11,4
DA:15,7
DA:17,4
DA:36,1
LF:7
LH:7
BRDA:28,0,0,4
BRDA:28,0,1,0
BRDA:36,1,0,1
BRDA:36,1,1,0
BRF:4
BRH:2
end_of_record
TN:
SF:src\components\RestaurantCard.js
FN:4,(anonymous_0)
FN:29,(anonymous_1)
FN:30,(anonymous_2)
FNF:3
FNH:3
FNDA:43,(anonymous_0)
FNDA:4,(anonymous_1)
FNDA:20,(anonymous_2)
DA:4,2
DA:7,43
DA:9,43
DA:10,43
DA:11,43
DA:12,43
DA:13,43
DA:29,2
DA:30,4
DA:31,20
LF:10
LH:10
BRDA:10,0,0,43
BRDA:10,0,1,43
BRDA:11,1,0,43
BRDA:11,1,1,0
BRDA:12,2,0,43
BRDA:12,2,1,0
BRF:6
BRH:4
end_of_record
TN:
SF:src\components\Shimmer.js
FN:1,(anonymous_0)
FNF:1
FNH:1
FNDA:1,(anonymous_0)
DA:1,1
DA:2,1
LF:2
LH:2
BRF:0
BRH:0
end_of_record
TN:
SF:src\components\sum.js
FN:1,(anonymous_0)
FNF:1
FNH:1
FNDA:1,(anonymous_0)
DA:1,1
DA:2,1
LF:2
LH:2
BRF:0
BRH:0
end_of_record
TN:
SF:src\utils\UserContext.js
FNF:0
FNH:0
DA:3,2
LF:1
LH:1
BRF:0
BRH:0
end_of_record
TN:
SF:src\utils\appStore.js
FNF:0
FNH:0
DA:4,1
LF:1
LH:1
BRF:0
BRH:0
end_of_record
TN:
SF:src\utils\cartSlice.js
FN:18,(anonymous_0)
FN:21,(anonymous_1)
FN:24,(anonymous_2)
FNF:3
FNH:0
FNDA:0,(anonymous_0)
FNDA:0,(anonymous_1)
FNDA:0,(anonymous_2)
DA:3,1
DA:19,0
DA:22,0
DA:25,0
DA:30,1
LF:5
LH:2
BRF:0
BRH:0
end_of_record
TN:
SF:src\utils\constants.js
FNF:0
FNH:0
DA:1,3
DA:3,3
DA:5,3
LF:3
LH:3
BRF:0
BRH:0
end_of_record
TN:
SF:src\utils\useOnlineStatus.js
FN:3,(anonymous_0)
FN:6,(anonymous_1)
FN:7,(anonymous_2)
FN:10,(anonymous_3)
FNF:4
FNH:2
FNDA:8,(anonymous_0)
FNDA:4,(anonymous_1)
FNDA:0,(anonymous_2)
FNDA:0,(anonymous_3)
DA:3,2
DA:4,8
DA:6,8
DA:7,4
DA:8,0
DA:10,4
DA:11,0
DA:14,8
LF:8
LH:6
BRF:0
BRH:0
end_of_record
